<?xml version="1.0" encoding="UTF-8"?>
<testsuite name="Bitwise AND Operations" tests="3" skipped="0" failures="0" errors="0" timestamp="2025-10-15T00:49:22" hostname="c28b8dd2ac38" time="0.237">
  <properties/>
  <testcase name="Bitwise AND with constants" classname="cfwr.jdt.transformations.enhanced.BitwiseOperationTransformationTest$BitwiseAndOperations" time="0.081"/>
  <testcase name="Simple bitwise AND commutativity" classname="cfwr.jdt.transformations.enhanced.BitwiseOperationTransformationTest$BitwiseAndOperations" time="0.08"/>
  <testcase name="Complex bitwise AND with parentheses" classname="cfwr.jdt.transformations.enhanced.BitwiseOperationTransformationTest$BitwiseAndOperations" time="0.075"/>
  <system-out><![CDATA[[2025-10-15 00:49:22.756] BitwiseAndOperations.testBitwiseOperation_Case3_AndWithConstants - SUCCESS
[2025-10-15 00:49:22.837] BitwiseAndOperations.testBitwiseOperation_Case1_SimpleAndCommutativity - SUCCESS
[2025-10-15 00:49:22.912] BitwiseAndOperations.testBitwiseOperation_Case2_ComplexAndWithParentheses - SUCCESS
]]></system-out>
  <system-err><![CDATA[]]></system-err>
</testsuite>
