<?xml version="1.0" encoding="UTF-8"?>
<testsuite name="cfwr.jdt.CodeLocationAnalyzerTest" tests="9" skipped="0" failures="0" errors="0" timestamp="2025-10-14T07:57:48" hostname="c28b8dd2ac38" time="0.351">
  <properties/>
  <testcase name="testAnalyzeNullCode()" classname="cfwr.jdt.CodeLocationAnalyzerTest" time="0.171"/>
  <testcase name="testAnalyzeClassWithExpressions()" classname="cfwr.jdt.CodeLocationAnalyzerTest" time="0.141"/>
  <testcase name="testAnalyzeSimpleClass()" classname="cfwr.jdt.CodeLocationAnalyzerTest" time="0.002"/>
  <testcase name="testValidateInvalidSyntax()" classname="cfwr.jdt.CodeLocationAnalyzerTest" time="0.017"/>
  <testcase name="testAnalyzeClassWithMultipleMethods()" classname="cfwr.jdt.CodeLocationAnalyzerTest" time="0.004"/>
  <testcase name="testAnalyzeEmptyCode()" classname="cfwr.jdt.CodeLocationAnalyzerTest" time="0.001"/>
  <testcase name="testLocationContext()" classname="cfwr.jdt.CodeLocationAnalyzerTest" time="0.002"/>
  <testcase name="testValidateValidSyntax()" classname="cfwr.jdt.CodeLocationAnalyzerTest" time="0.001"/>
  <testcase name="testAnalyzeClassWithLoops()" classname="cfwr.jdt.CodeLocationAnalyzerTest" time="0.005"/>
  <system-out><![CDATA[]]></system-out>
  <system-err><![CDATA[]]></system-err>
</testsuite>
