<?xml version="1.0" encoding="UTF-8"?>
<testsuite name="Bitwise Operation Transformation Tests" tests="1" skipped="0" failures="0" errors="0" timestamp="2025-10-15T00:49:19" hostname="c28b8dd2ac38" time="1.512">
  <properties/>
  <testcase name="Comprehensive bitwise operation test" classname="cfwr.jdt.transformations.enhanced.BitwiseOperationTransformationTest" time="1.512"/>
  <system-out><![CDATA[[2025-10-15 00:49:21.392] BitwiseOperationTransformationTest.testBitwiseOperation_ComprehensiveTest - SUCCESS
]]></system-out>
  <system-err><![CDATA[]]></system-err>
</testsuite>
