<?xml version="1.0" encoding="UTF-8"?>
<testsuite name="Bitwise NOT Operations" tests="3" skipped="0" failures="0" errors="0" timestamp="2025-10-15T00:49:21" hostname="c28b8dd2ac38" time="0.304">
  <properties/>
  <testcase name="NOT with complex expression" classname="cfwr.jdt.transformations.enhanced.BitwiseOperationTransformationTest$BitwiseNotOperations" time="0.111"/>
  <testcase name="NOT with constants" classname="cfwr.jdt.transformations.enhanced.BitwiseOperationTransformationTest$BitwiseNotOperations" time="0.098"/>
  <testcase name="Simple bitwise NOT transformation" classname="cfwr.jdt.transformations.enhanced.BitwiseOperationTransformationTest$BitwiseNotOperations" time="0.093"/>
  <system-out><![CDATA[[2025-10-15 00:49:22.000] BitwiseNotOperations.testBitwiseOperation_Case11_NotWithComplexExpression - SUCCESS
[2025-10-15 00:49:22.098] BitwiseNotOperations.testBitwiseOperation_Case12_NotWithConstants - SUCCESS
[2025-10-15 00:49:22.193] BitwiseNotOperations.testBitwiseOperation_Case10_SimpleNotTransformation - SUCCESS
]]></system-out>
  <system-err><![CDATA[]]></system-err>
</testsuite>
