<?xml version="1.0" encoding="UTF-8"?>
<testsuite name="Bitwise OR Operations" tests="3" skipped="0" failures="0" errors="0" timestamp="2025-10-15T00:49:22" hostname="c28b8dd2ac38" time="0.234">
  <properties/>
  <testcase name="Bitwise OR with mixed types" classname="cfwr.jdt.transformations.enhanced.BitwiseOperationTransformationTest$BitwiseOrOperations" time="0.074"/>
  <testcase name="Simple bitwise OR commutativity" classname="cfwr.jdt.transformations.enhanced.BitwiseOperationTransformationTest$BitwiseOrOperations" time="0.089"/>
  <testcase name="Nested bitwise OR operations" classname="cfwr.jdt.transformations.enhanced.BitwiseOperationTransformationTest$BitwiseOrOperations" time="0.071"/>
  <system-out><![CDATA[[2025-10-15 00:49:22.513] BitwiseOrOperations.testBitwiseOperation_Case6_OrWithMixedTypes - SUCCESS
[2025-10-15 00:49:22.602] BitwiseOrOperations.testBitwiseOperation_Case4_SimpleOrCommutativity - SUCCESS
[2025-10-15 00:49:22.673] BitwiseOrOperations.testBitwiseOperation_Case5_NestedOrOperations - SUCCESS
]]></system-out>
  <system-err><![CDATA[]]></system-err>
</testsuite>
