<?xml version="1.0" encoding="UTF-8"?>
<testsuite name="Bitwise XOR Operations" tests="3" skipped="0" failures="0" errors="0" timestamp="2025-10-15T00:49:22" hostname="c28b8dd2ac38" time="0.243">
  <properties/>
  <testcase name="XOR with expressions" classname="cfwr.jdt.transformations.enhanced.BitwiseOperationTransformationTest$BitwiseXorOperations" time="0.086"/>
  <testcase name="Simple bitwise XOR commutativity" classname="cfwr.jdt.transformations.enhanced.BitwiseOperationTransformationTest$BitwiseXorOperations" time="0.076"/>
  <testcase name="XOR with multiple operands" classname="cfwr.jdt.transformations.enhanced.BitwiseOperationTransformationTest$BitwiseXorOperations" time="0.08"/>
  <system-out><![CDATA[[2025-10-15 00:49:22.281] BitwiseXorOperations.testBitwiseOperation_Case9_XorWithExpressions - SUCCESS
[2025-10-15 00:49:22.358] BitwiseXorOperations.testBitwiseOperation_Case7_SimpleXorCommutativity - SUCCESS
[2025-10-15 00:49:22.438] BitwiseXorOperations.testBitwiseOperation_Case8_XorWithMultipleOperands - SUCCESS
]]></system-out>
  <system-err><![CDATA[]]></system-err>
</testsuite>
