<?xml version="1.0" encoding="UTF-8"?>
<testsuite name="Mixed Bitwise Operations" tests="4" skipped="0" failures="0" errors="0" timestamp="2025-10-15T00:49:21" hostname="c28b8dd2ac38" time="0.488">
  <properties/>
  <testcase name="Edge case: constants only" classname="cfwr.jdt.transformations.enhanced.BitwiseOperationTransformationTest$MixedBitwiseOperations" time="0.122"/>
  <testcase name="Multiple bitwise operations" classname="cfwr.jdt.transformations.enhanced.BitwiseOperationTransformationTest$MixedBitwiseOperations" time="0.124"/>
  <testcase name="Mixed bitwise and arithmetic" classname="cfwr.jdt.transformations.enhanced.BitwiseOperationTransformationTest$MixedBitwiseOperations" time="0.14"/>
  <testcase name="Edge case: single operand" classname="cfwr.jdt.transformations.enhanced.BitwiseOperationTransformationTest$MixedBitwiseOperations" time="0.099"/>
  <system-out><![CDATA[[2025-10-15 00:49:21.519] MixedBitwiseOperations.testBitwiseOperation_Case16_ConstantsOnly - SUCCESS
[2025-10-15 00:49:21.644] MixedBitwiseOperations.testBitwiseOperation_Case14_MultipleBitwiseOperations - SUCCESS
[2025-10-15 00:49:21.785] MixedBitwiseOperations.testBitwiseOperation_Case13_MixedBitwiseAndArithmetic - SUCCESS
[2025-10-15 00:49:21.885] MixedBitwiseOperations.testBitwiseOperation_Case15_SingleOperand - SUCCESS
]]></system-out>
  <system-err><![CDATA[]]></system-err>
</testsuite>
