<!DOCTYPE html>
<html>
<head>
<meta http-equiv="Content-Type" content="text/html; charset=utf-8"/>
<meta http-equiv="x-ua-compatible" content="IE=edge"/>
<title>Test results - CheckerFrameworkWarningResolverTest</title>
<link href="../css/base-style.css" rel="stylesheet" type="text/css"/>
<link href="../css/style.css" rel="stylesheet" type="text/css"/>
<script src="../js/report.js" type="text/javascript"></script>
</head>
<body>
<div id="content">
<h1>CheckerFrameworkWarningResolverTest</h1>
<div class="breadcrumbs">
<a href="../index.html">all</a> &gt; 
<a href="../packages/cfwr.html">cfwr</a> &gt; CheckerFrameworkWarningResolverTest</div>
<div id="summary">
<table>
<tr>
<td>
<div class="summaryGroup">
<table>
<tr>
<td>
<div class="infoBox" id="tests">
<div class="counter">7</div>
<p>tests</p>
</div>
</td>
<td>
<div class="infoBox" id="failures">
<div class="counter">0</div>
<p>failures</p>
</div>
</td>
<td>
<div class="infoBox" id="ignored">
<div class="counter">0</div>
<p>ignored</p>
</div>
</td>
<td>
<div class="infoBox" id="duration">
<div class="counter">0.098s</div>
<p>duration</p>
</div>
</td>
</tr>
</table>
</div>
</td>
<td>
<div class="infoBox success" id="successRate">
<div class="percent">100%</div>
<p>successful</p>
</div>
</td>
</tr>
</table>
</div>
<div id="tabs">
<ul class="tabLinks">
<li>
<a href="#tab0">Tests</a>
</li>
<li>
<a href="#tab1">Standard output</a>
</li>
<li>
<a href="#tab2">Standard error</a>
</li>
</ul>
<div id="tab0" class="tab">
<h2>Tests</h2>
<table>
<thead>
<tr>
<th>Test</th>
<th>Duration</th>
<th>Result</th>
</tr>
</thead>
<tr>
<td class="success">testEmptyWarningsFile(Path)</td>
<td class="success">0.002s</td>
<td class="success">passed</td>
</tr>
<tr>
<td class="success">testMainMethodWithInvalidArgs()</td>
<td class="success">0.001s</td>
<td class="success">passed</td>
</tr>
<tr>
<td class="success">testMainMethodWithNonExistentFiles(Path)</td>
<td class="success">0.039s</td>
<td class="success">passed</td>
</tr>
<tr>
<td class="success">testMainMethodWithValidArgs(Path)</td>
<td class="success">0.033s</td>
<td class="success">passed</td>
</tr>
<tr>
<td class="success">testStaticFieldsExist()</td>
<td class="success">0.001s</td>
<td class="success">passed</td>
</tr>
<tr>
<td class="success">testWarningParsingWithInvalidFormat(Path)</td>
<td class="success">0.002s</td>
<td class="success">passed</td>
</tr>
<tr>
<td class="success">testWarningParsingWithValidFormat(Path)</td>
<td class="success">0.020s</td>
<td class="success">passed</td>
</tr>
</table>
</div>
<div id="tab1" class="tab">
<h2>Standard output</h2>
<span class="code">
<pre>Using CF slicer: java -cp /home/ubuntu/.gradle/caches/8.7/workerMain/gradle-worker.jar:/home/ubuntu/GenDATA/build/classes/java/test:/home/ubuntu/GenDATA/build/classes/java/main:/home/ubuntu/GenDATA/polyglot-2.8.0-src/lib/polyglot.jar:/home/ubuntu/GenDATA/polyglot-2.8.0-src/lib/java_cup.jar:/home/ubuntu/GenDATA/polyglot-2.8.0-src/lib/jflex.jar:/home/ubuntu/GenDATA/polyglot-2.8.0-src/lib/ppg.jar:/home/ubuntu/GenDATA/polyglot-2.8.0-src/lib/pth.jar:/home/ubuntu/GenDATA/polyglot-2.8.0-src/lib/efg.jar:/home/ubuntu/checker-framework-3.42.0/checker/dist/checker-qual.jar:/home/ubuntu/checker-framework-3.42.0/checker/dist/plume-util.jar:/home/ubuntu/checker-framework-3.42.0/checker/dist/checker.jar:/home/ubuntu/checker-framework-3.42.0/checker/dist/checker-util.jar:/home/ubuntu/checker-framework-3.42.0/checker/dist/javaparser-core-3.26.2.jar:/home/ubuntu/checker-framework-3.42.0/checker/dist/javac.jar:/home/ubuntu/checker-framework-3.42.0/checker/dist/checker-source.jar:/home/ubuntu/checker-framework-3.42.0/checker/dist/checker-javadoc.jar:/home/ubuntu/checker-framework/dataflow/build/libs/dataflow-errorprone-3.51.1-SNAPSHOT-all.jar:/home/ubuntu/.gradle/caches/modules-2/files-2.1/com.ibm.wala/com.ibm.wala.cast.java.ecj/1.6.10/7889ec3eaf8eaf21f893dd42906dfbb7d434ea8/com.ibm.wala.cast.java.ecj-1.6.10.jar:/home/ubuntu/.gradle/caches/modules-2/files-2.1/com.ibm.wala/com.ibm.wala.cast.java/1.6.12/36f5af8752e89cbee1b729b0591297c7e94ddb09/com.ibm.wala.cast.java-1.6.12.jar:/home/ubuntu/.gradle/caches/modules-2/files-2.1/com.ibm.wala/com.ibm.wala.cast/1.6.12/f82d2d584dae90c1824de9d7bff4379b72ead2b6/com.ibm.wala.cast-1.6.12.jar:/home/ubuntu/.gradle/caches/modules-2/files-2.1/com.ibm.wala/com.ibm.wala.core/1.6.12/d8a081a086c1917817ae4c5d0d80714840e89f56/com.ibm.wala.core-1.6.12.jar:/home/ubuntu/.gradle/caches/modules-2/files-2.1/com.ibm.wala/com.ibm.wala.shrike/1.6.12/f0d2cc8c388367ee0da5cb83dd075e4f7a8b228c/com.ibm.wala.shrike-1.6.12.jar:/home/ubuntu/.gradle/caches/modules-2/files-2.1/com.ibm.wala/com.ibm.wala.util/1.6.12/fa4229428535d5d2acf2d490c6906f7feb0ead09/com.ibm.wala.util-1.6.12.jar:/home/ubuntu/.gradle/caches/modules-2/files-2.1/org.eclipse.jdt/org.eclipse.jdt.core/3.36.0/7589133f9efeb6619fda098bbbcdd3dfb4d01129/org.eclipse.jdt.core-3.36.0.jar:/home/ubuntu/.gradle/caches/modules-2/files-2.1/org.eclipse.jdt/ecj/3.37.0/f86bcb052b561d85465f4398b24a02ffcc0aff55/ecj-3.37.0.jar:/home/ubuntu/.gradle/caches/modules-2/files-2.1/org.soot-oss/soot/4.4.1/d72169e83fa98cd0a13d36a9e4792c658e9ad72e/soot-4.4.1.jar:/home/ubuntu/.gradle/caches/modules-2/files-2.1/javax.annotation/javax.annotation-api/1.3.2/934c04d3cfef185a8008e7bf34331b79730a9d43/javax.annotation-api-1.3.2.jar:/home/ubuntu/.gradle/caches/modules-2/files-2.1/com.github.javaparser/javaparser-core/3.26.2/795eca30f20fdc110d1a02a1f0e7ad207e17e7c1/javaparser-core-3.26.2.jar:/home/ubuntu/.gradle/caches/modules-2/files-2.1/org.vineflower/vineflower/1.10.1/4f48c5947b21f9ebc743e7c80215ee839d3dc668/vineflower-1.10.1.jar:/home/ubuntu/.gradle/caches/modules-2/files-2.1/org.junit.jupiter/junit-jupiter-params/5.10.3/4852f4e4af9074d9214213b199751f99efeab8b9/junit-jupiter-params-5.10.3.jar:/home/ubuntu/.gradle/caches/modules-2/files-2.1/org.junit.jupiter/junit-jupiter-engine/5.10.3/48c14e866bb1a87ca35d24ff068463bb202ada24/junit-jupiter-engine-5.10.3.jar:/home/ubuntu/.gradle/caches/modules-2/files-2.1/org.junit.jupiter/junit-jupiter-api/5.10.3/a22aa91d1d6c69b2020a9aeb6d095ea81132bfa5/junit-jupiter-api-5.10.3.jar:/home/ubuntu/.gradle/caches/modules-2/files-2.1/net.jqwik/jqwik/1.8.2/ddd3cedfe658d2a12e21957e386095e052852ad8/jqwik-1.8.2.jar:/home/ubuntu/.gradle/caches/modules-2/files-2.1/net.jqwik/jqwik-web/1.8.2/c95238ace3f6b26287989c648353fbca0e4852a1/jqwik-web-1.8.2.jar:/home/ubuntu/.gradle/caches/modules-2/files-2.1/net.jqwik/jqwik-time/1.8.2/329e5e02e3c419229006fe2d2da443acc5d2db9d/jqwik-time-1.8.2.jar:/home/ubuntu/.gradle/caches/modules-2/files-2.1/net.jqwik/jqwik-engine/1.8.2/1d13e00910d09fb2c39da1982934cbc181426790/jqwik-engine-1.8.2.jar:/home/ubuntu/.gradle/caches/modules-2/files-2.1/net.jqwik/jqwik-api/1.8.2/63615c1e4ce2d4ac9a79edf569220a32afa3674c/jqwik-api-1.8.2.jar:/home/ubuntu/.gradle/caches/modules-2/files-2.1/org.junit.platform/junit-platform-engine/1.10.3/365a320c3cfd47f3346625e541e424e35dc75c42/junit-platform-engine-1.10.3.jar:/home/ubuntu/.gradle/caches/modules-2/files-2.1/org.junit.platform/junit-platform-commons/1.10.3/a353d42a2f13343a7cb80c5228ae66ff64495481/junit-platform-commons-1.10.3.jar:/home/ubuntu/.gradle/caches/modules-2/files-2.1/org.junit.jupiter/junit-jupiter/5.10.3/6686d8fbf251f9bf8ecba413cab57b9e00f9134d/junit-jupiter-5.10.3.jar:/home/ubuntu/.gradle/caches/modules-2/files-2.1/org.assertj/assertj-core/3.25.3/792b270e73aa1cfc28fa135be0b95e69ea451432/assertj-core-3.25.3.jar:/home/ubuntu/.gradle/caches/modules-2/files-2.1/com.fasterxml.jackson.core/jackson-annotations/2.17.1/fca7ef6192c9ad05d07bc50da991bf937a84af3a/jackson-annotations-2.17.1.jar:/home/ubuntu/.gradle/caches/modules-2/files-2.1/com.fasterxml.jackson.core/jackson-core/2.17.1/5e52a11644cd59a28ef79f02bddc2cc3bab45edb/jackson-core-2.17.1.jar:/home/ubuntu/.gradle/caches/modules-2/files-2.1/com.fasterxml.jackson.core/jackson-databind/2.17.1/524dcbcccdde7d45a679dfc333e4763feb09079/jackson-databind-2.17.1.jar:/home/ubuntu/.gradle/caches/modules-2/files-2.1/com.google.protobuf/protobuf-java-util/3.21.2/c9eec82f0afa7c0021982d30cb65f126feb17997/protobuf-java-util-3.21.2.jar:/home/ubuntu/.gradle/caches/modules-2/files-2.1/com.google.code.gson/gson/2.13.1/853ce06c11316b33a8eae5e9095da096a9528b8f/gson-2.13.1.jar:/home/ubuntu/.gradle/caches/modules-2/files-2.1/org.jspecify/jspecify/1.0.0/7425a601c1c7ec76645a78d22b8c6a627edee507/jspecify-1.0.0.jar:/home/ubuntu/.gradle/caches/modules-2/files-2.1/commons-io/commons-io/2.20.0/36f3474daec2849c149e877614e7f979b2082cd2/commons-io-2.20.0.jar:/home/ubuntu/.gradle/caches/modules-2/files-2.1/org.eclipse.platform/org.eclipse.core.resources/3.20.0/79b324502a4f70f253b5662035a2663690ac4b3d/org.eclipse.core.resources-3.20.0.jar:/home/ubuntu/.gradle/caches/modules-2/files-2.1/org.eclipse.platform/org.eclipse.core.filesystem/1.10.200/7a491e51eae8f3dcd21704980c6d6415b38b88b8/org.eclipse.core.filesystem-1.10.200.jar:/home/ubuntu/.gradle/caches/modules-2/files-2.1/org.eclipse.platform/org.eclipse.text/3.13.100/e036916fd95fa3aa146c7056ceb6fe34171f3f05/org.eclipse.text-3.13.100.jar:/home/ubuntu/.gradle/caches/modules-2/files-2.1/org.eclipse.platform/org.eclipse.core.expressions/3.9.200/a8b3345c1848c363755e8ee83b1c86a97f56192b/org.eclipse.core.expressions-3.9.200.jar:/home/ubuntu/.gradle/caches/modules-2/files-2.1/org.eclipse.platform/org.eclipse.core.runtime/3.30.0/998199b2e8a225fe6ebfdc9ed93551444384212d/org.eclipse.core.runtime-3.30.0.jar:/home/ubuntu/.gradle/caches/modules-2/files-2.1/org.eclipse.platform/org.eclipse.core.jobs/3.15.100/d438e281b87f6baf2632e634dffdd5ce4944cb47/org.eclipse.core.jobs-3.15.100.jar:/home/ubuntu/.gradle/caches/modules-2/files-2.1/org.eclipse.platform/org.eclipse.core.contenttype/3.9.200/ad94a3d5cdb190b1f5b8e70fbf0ba2b53eda709b/org.eclipse.core.contenttype-3.9.200.jar:/home/ubuntu/.gradle/caches/modules-2/files-2.1/org.eclipse.platform/org.eclipse.equinox.app/1.6.400/8767a9073685844f0584d06592fa13b9bb9e89d9/org.eclipse.equinox.app-1.6.400.jar:/home/ubuntu/.gradle/caches/modules-2/files-2.1/org.eclipse.platform/org.eclipse.equinox.registry/3.11.400/3a3f66bc442d95eff95bfc9377eaec4604103307/org.eclipse.equinox.registry-3.11.400.jar:/home/ubuntu/.gradle/caches/modules-2/files-2.1/org.eclipse.platform/org.eclipse.equinox.preferences/3.10.400/5af57c8b8dc918ea89ee6fe7492798d7f7eb6a67/org.eclipse.equinox.preferences-3.10.400.jar:/home/ubuntu/.gradle/caches/modules-2/files-2.1/org.eclipse.platform/org.eclipse.core.commands/3.11.100/e61fe51e6bccd535d1f1e958349804e1fd443779/org.eclipse.core.commands-3.11.100.jar:/home/ubuntu/.gradle/caches/modules-2/files-2.1/org.eclipse.platform/org.eclipse.equinox.common/3.18.200/8b0862ac581d17b0ebea3df77dd653d45a9aa584/org.eclipse.equinox.common-3.18.200.jar:/home/ubuntu/.gradle/caches/modules-2/files-2.1/org.smali/dexlib2/2.5.2/8b664182af455b0757a7f59a42020fa5608c7d0e/dexlib2-2.5.2.jar:/home/ubuntu/.gradle/caches/modules-2/files-2.1/org.ow2.asm/asm-util/9.4/ab1e0a84b72561dbaf1ee260321e72148ebf4b19/asm-util-9.4.jar:/home/ubuntu/.gradle/caches/modules-2/files-2.1/org.ow2.asm/asm-commons/9.4/8fc2810ddbcbbec0a8bbccb3f8eda58321839912/asm-commons-9.4.jar:/home/ubuntu/.gradle/caches/modules-2/files-2.1/org.ow2.asm/asm-analysis/9.4/a5fec9dfc039448d4fd098fbaffcaf55373b223/asm-analysis-9.4.jar:/home/ubuntu/.gradle/caches/modules-2/files-2.1/org.ow2.asm/asm-tree/9.4/a99175a17d7fdc18cbcbd0e8ea6a5d276844190a/asm-tree-9.4.jar:/home/ubuntu/.gradle/caches/modules-2/files-2.1/org.ow2.asm/asm/9.4/b4e0e2d2e023aa317b7cfcfc916377ea348e07d1/asm-9.4.jar:/home/ubuntu/.gradle/caches/modules-2/files-2.1/xmlpull/xmlpull/1.1.3.4d_b4_min/6dcdbef481ff8fbac336a47048048b2b31855015/xmlpull-1.1.3.4d_b4_min.jar:/home/ubuntu/.gradle/caches/modules-2/files-2.1/de.upb.cs.swt/axml/2.1.3/f0dff8ec1179fb893cdd7f8c52b21e047f5f3ed6/axml-2.1.3.jar:/home/ubuntu/.gradle/caches/modules-2/files-2.1/ca.mcgill.sable/polyglot/2006/f0e528051faa260d83f53d58275954d973231ce7/polyglot-2006.jar:/home/ubuntu/.gradle/caches/modules-2/files-2.1/de.upb.cs.swt/heros/1.2.3/e90d207add1cad2157a68679b587f7770d309867/heros-1.2.3.jar:/home/ubuntu/.gradle/caches/modules-2/files-2.1/ca.mcgill.sable/jasmin/3.0.3/bc29f7032c7ee8314d339e54ca809e351f88883a/jasmin-3.0.3.jar:/home/ubuntu/.gradle/caches/modules-2/files-2.1/org.slf4j/slf4j-api/2.0.3/deef7fc81f00bd5e6205bb097be1040b4094f007/slf4j-api-2.0.3.jar:/home/ubuntu/.gradle/caches/modules-2/files-2.1/org.glassfish.jaxb/jaxb-runtime/2.4.0-b180830.0438/2a0705ce8aa988b691c70e8bdcc1613050a148a2/jaxb-runtime-2.4.0-b180830.0438.jar:/home/ubuntu/.gradle/caches/modules-2/files-2.1/javax.xml.bind/jaxb-api/2.4.0-b180830.0359/b54184b7dcab2031add3f525550c7f1b7e12209d/jaxb-api-2.4.0-b180830.0359.jar:/home/ubuntu/.gradle/caches/modules-2/files-2.1/com.google.protobuf/protobuf-java/3.21.7/96cfc7147192f1de72c3d7d06972155ffb7d180c/protobuf-java-3.21.7.jar:/home/ubuntu/.gradle/caches/modules-2/files-2.1/net.bytebuddy/byte-buddy/1.14.11/725602eb7c8c56b51b9c21f273f9df5c909d9e7d/byte-buddy-1.14.11.jar:/home/ubuntu/.gradle/caches/modules-2/files-2.1/org.apiguardian/apiguardian-api/1.1.2/a231e0d844d2721b0fa1b238006d15c6ded6842a/apiguardian-api-1.1.2.jar:/home/ubuntu/.gradle/caches/modules-2/files-2.1/com.google.guava/guava/31.1-android/9222c47cc3ae890f07f7c961bbb3cb69050fe4aa/guava-31.1-android.jar:/home/ubuntu/.gradle/caches/modules-2/files-2.1/com.google.errorprone/error_prone_annotations/2.38.0/fc0ae991433e8590ba51cd558421478318a74c8c/error_prone_annotations-2.38.0.jar:/home/ubuntu/.gradle/caches/modules-2/files-2.1/org.eclipse.platform/org.eclipse.osgi/3.18.600/70d593e3514fee58ab0bf71c61a0cd60d2706d8d/org.eclipse.osgi-3.18.600.jar:/home/ubuntu/.gradle/caches/modules-2/files-2.1/com.google.code.findbugs/jsr305/3.0.2/25ea2e8b0c338a877313bd4672d3fe056ea78f0d/jsr305-3.0.2.jar:/home/ubuntu/.gradle/caches/modules-2/files-2.1/org.functionaljava/functionaljava/4.2/f26bdd90a8d6b6faeb38ab2ba4c39580c1eb989f/functionaljava-4.2.jar:/home/ubuntu/.gradle/caches/modules-2/files-2.1/ca.mcgill.sable/java_cup/0.9.2/f36b758580fb9d472bfd5965aa9ac807fa66d242/java_cup-0.9.2.jar:/home/ubuntu/.gradle/caches/modules-2/files-2.1/javax.activation/javax.activation-api/1.2.0/85262acf3ca9816f9537ca47d5adeabaead7cb16/javax.activation-api-1.2.0.jar:/home/ubuntu/.gradle/caches/modules-2/files-2.1/org.glassfish.jaxb/txw2/2.4.0-b180830.0438/31bae7fb5924472b3243b265b47cb741da715419/txw2-2.4.0-b180830.0438.jar:/home/ubuntu/.gradle/caches/modules-2/files-2.1/com.sun.istack/istack-commons-runtime/3.0.7/c197c86ceec7318b1284bffb49b54226ca774003/istack-commons-runtime-3.0.7.jar:/home/ubuntu/.gradle/caches/modules-2/files-2.1/org.jvnet.staxex/stax-ex/1.8/8cc35f73da321c29973191f2cf143d29d26a1df7/stax-ex-1.8.jar:/home/ubuntu/.gradle/caches/modules-2/files-2.1/com.sun.xml.fastinfoset/FastInfoset/1.2.15/bb7b7ec0379982b97c62cd17465cb6d9155f68e8/FastInfoset-1.2.15.jar:/home/ubuntu/.gradle/caches/modules-2/files-2.1/com.google.j2objc/j2objc-annotations/1.3/ba035118bc8bac37d7eff77700720999acd9986d/j2objc-annotations-1.3.jar:/home/ubuntu/.gradle/caches/modules-2/files-2.1/org.opentest4j/opentest4j/1.3.0/152ea56b3a72f655d4fd677fc0ef2596c3dd5e6e/opentest4j-1.3.0.jar:/home/ubuntu/.gradle/caches/modules-2/files-2.1/com.google.guava/failureaccess/1.0.1/1dcf1de382a0bf95a3d8b0849546c88bac1292c9/failureaccess-1.0.1.jar:/home/ubuntu/.gradle/caches/modules-2/files-2.1/com.google.guava/listenablefuture/9999.0-empty-to-avoid-conflict-with-guava/b421526c5f297295adef1c886e5246c39d4ac629/listenablefuture-9999.0-empty-to-avoid-conflict-with-guava.jar:/home/ubuntu/.gradle/caches/modules-2/files-2.1/org.checkerframework/checker-qual/3.12.0/d5692f0526415fcc6de94bb5bfbd3afd9dd3b3e5/checker-qual-3.12.0.jar:/home/ubuntu/.gradle/caches/modules-2/files-2.1/org.osgi/org.osgi.service.prefs/1.1.2/44351fdfb119ee920394c1a27c938288c93c03c8/org.osgi.service.prefs-1.1.2.jar:/home/ubuntu/.gradle/caches/modules-2/files-2.1/org.osgi/osgi.annotation/8.0.1/593d823753aa6e128129da357d7891758e66aa1d/osgi.annotation-8.0.1.jar:/home/ubuntu/.gradle/wrapper/dists/gradle-8.7-bin/bhs2wmbdwecv87pi65oeuq5iu/gradle-8.7/lib/plugins/junit-platform-engine-1.8.2.jar:/home/ubuntu/.gradle/wrapper/dists/gradle-8.7-bin/bhs2wmbdwecv87pi65oeuq5iu/gradle-8.7/lib/plugins/junit-platform-launcher-1.8.2.jar:/home/ubuntu/.gradle/wrapper/dists/gradle-8.7-bin/bhs2wmbdwecv87pi65oeuq5iu/gradle-8.7/lib/plugins/junit-platform-commons-1.8.2.jar:/home/ubuntu/GenDATA/build/classes/java/main cfwr.CheckerFrameworkSlicer /tmp/junit11837287819080442549/warnings14480211790627835874.txt /home/ubuntu/CFWR/slices_specimin /tmp/junit11837287819080442549/testProjectRoot
Using CF slicer: java -cp /home/ubuntu/.gradle/caches/8.7/workerMain/gradle-worker.jar:/home/ubuntu/GenDATA/build/classes/java/test:/home/ubuntu/GenDATA/build/classes/java/main:/home/ubuntu/GenDATA/polyglot-2.8.0-src/lib/polyglot.jar:/home/ubuntu/GenDATA/polyglot-2.8.0-src/lib/java_cup.jar:/home/ubuntu/GenDATA/polyglot-2.8.0-src/lib/jflex.jar:/home/ubuntu/GenDATA/polyglot-2.8.0-src/lib/ppg.jar:/home/ubuntu/GenDATA/polyglot-2.8.0-src/lib/pth.jar:/home/ubuntu/GenDATA/polyglot-2.8.0-src/lib/efg.jar:/home/ubuntu/checker-framework-3.42.0/checker/dist/checker-qual.jar:/home/ubuntu/checker-framework-3.42.0/checker/dist/plume-util.jar:/home/ubuntu/checker-framework-3.42.0/checker/dist/checker.jar:/home/ubuntu/checker-framework-3.42.0/checker/dist/checker-util.jar:/home/ubuntu/checker-framework-3.42.0/checker/dist/javaparser-core-3.26.2.jar:/home/ubuntu/checker-framework-3.42.0/checker/dist/javac.jar:/home/ubuntu/checker-framework-3.42.0/checker/dist/checker-source.jar:/home/ubuntu/checker-framework-3.42.0/checker/dist/checker-javadoc.jar:/home/ubuntu/checker-framework/dataflow/build/libs/dataflow-errorprone-3.51.1-SNAPSHOT-all.jar:/home/ubuntu/.gradle/caches/modules-2/files-2.1/com.ibm.wala/com.ibm.wala.cast.java.ecj/1.6.10/7889ec3eaf8eaf21f893dd42906dfbb7d434ea8/com.ibm.wala.cast.java.ecj-1.6.10.jar:/home/ubuntu/.gradle/caches/modules-2/files-2.1/com.ibm.wala/com.ibm.wala.cast.java/1.6.12/36f5af8752e89cbee1b729b0591297c7e94ddb09/com.ibm.wala.cast.java-1.6.12.jar:/home/ubuntu/.gradle/caches/modules-2/files-2.1/com.ibm.wala/com.ibm.wala.cast/1.6.12/f82d2d584dae90c1824de9d7bff4379b72ead2b6/com.ibm.wala.cast-1.6.12.jar:/home/ubuntu/.gradle/caches/modules-2/files-2.1/com.ibm.wala/com.ibm.wala.core/1.6.12/d8a081a086c1917817ae4c5d0d80714840e89f56/com.ibm.wala.core-1.6.12.jar:/home/ubuntu/.gradle/caches/modules-2/files-2.1/com.ibm.wala/com.ibm.wala.shrike/1.6.12/f0d2cc8c388367ee0da5cb83dd075e4f7a8b228c/com.ibm.wala.shrike-1.6.12.jar:/home/ubuntu/.gradle/caches/modules-2/files-2.1/com.ibm.wala/com.ibm.wala.util/1.6.12/fa4229428535d5d2acf2d490c6906f7feb0ead09/com.ibm.wala.util-1.6.12.jar:/home/ubuntu/.gradle/caches/modules-2/files-2.1/org.eclipse.jdt/org.eclipse.jdt.core/3.36.0/7589133f9efeb6619fda098bbbcdd3dfb4d01129/org.eclipse.jdt.core-3.36.0.jar:/home/ubuntu/.gradle/caches/modules-2/files-2.1/org.eclipse.jdt/ecj/3.37.0/f86bcb052b561d85465f4398b24a02ffcc0aff55/ecj-3.37.0.jar:/home/ubuntu/.gradle/caches/modules-2/files-2.1/org.soot-oss/soot/4.4.1/d72169e83fa98cd0a13d36a9e4792c658e9ad72e/soot-4.4.1.jar:/home/ubuntu/.gradle/caches/modules-2/files-2.1/javax.annotation/javax.annotation-api/1.3.2/934c04d3cfef185a8008e7bf34331b79730a9d43/javax.annotation-api-1.3.2.jar:/home/ubuntu/.gradle/caches/modules-2/files-2.1/com.github.javaparser/javaparser-core/3.26.2/795eca30f20fdc110d1a02a1f0e7ad207e17e7c1/javaparser-core-3.26.2.jar:/home/ubuntu/.gradle/caches/modules-2/files-2.1/org.vineflower/vineflower/1.10.1/4f48c5947b21f9ebc743e7c80215ee839d3dc668/vineflower-1.10.1.jar:/home/ubuntu/.gradle/caches/modules-2/files-2.1/org.junit.jupiter/junit-jupiter-params/5.10.3/4852f4e4af9074d9214213b199751f99efeab8b9/junit-jupiter-params-5.10.3.jar:/home/ubuntu/.gradle/caches/modules-2/files-2.1/org.junit.jupiter/junit-jupiter-engine/5.10.3/48c14e866bb1a87ca35d24ff068463bb202ada24/junit-jupiter-engine-5.10.3.jar:/home/ubuntu/.gradle/caches/modules-2/files-2.1/org.junit.jupiter/junit-jupiter-api/5.10.3/a22aa91d1d6c69b2020a9aeb6d095ea81132bfa5/junit-jupiter-api-5.10.3.jar:/home/ubuntu/.gradle/caches/modules-2/files-2.1/net.jqwik/jqwik/1.8.2/ddd3cedfe658d2a12e21957e386095e052852ad8/jqwik-1.8.2.jar:/home/ubuntu/.gradle/caches/modules-2/files-2.1/net.jqwik/jqwik-web/1.8.2/c95238ace3f6b26287989c648353fbca0e4852a1/jqwik-web-1.8.2.jar:/home/ubuntu/.gradle/caches/modules-2/files-2.1/net.jqwik/jqwik-time/1.8.2/329e5e02e3c419229006fe2d2da443acc5d2db9d/jqwik-time-1.8.2.jar:/home/ubuntu/.gradle/caches/modules-2/files-2.1/net.jqwik/jqwik-engine/1.8.2/1d13e00910d09fb2c39da1982934cbc181426790/jqwik-engine-1.8.2.jar:/home/ubuntu/.gradle/caches/modules-2/files-2.1/net.jqwik/jqwik-api/1.8.2/63615c1e4ce2d4ac9a79edf569220a32afa3674c/jqwik-api-1.8.2.jar:/home/ubuntu/.gradle/caches/modules-2/files-2.1/org.junit.platform/junit-platform-engine/1.10.3/365a320c3cfd47f3346625e541e424e35dc75c42/junit-platform-engine-1.10.3.jar:/home/ubuntu/.gradle/caches/modules-2/files-2.1/org.junit.platform/junit-platform-commons/1.10.3/a353d42a2f13343a7cb80c5228ae66ff64495481/junit-platform-commons-1.10.3.jar:/home/ubuntu/.gradle/caches/modules-2/files-2.1/org.junit.jupiter/junit-jupiter/5.10.3/6686d8fbf251f9bf8ecba413cab57b9e00f9134d/junit-jupiter-5.10.3.jar:/home/ubuntu/.gradle/caches/modules-2/files-2.1/org.assertj/assertj-core/3.25.3/792b270e73aa1cfc28fa135be0b95e69ea451432/assertj-core-3.25.3.jar:/home/ubuntu/.gradle/caches/modules-2/files-2.1/com.fasterxml.jackson.core/jackson-annotations/2.17.1/fca7ef6192c9ad05d07bc50da991bf937a84af3a/jackson-annotations-2.17.1.jar:/home/ubuntu/.gradle/caches/modules-2/files-2.1/com.fasterxml.jackson.core/jackson-core/2.17.1/5e52a11644cd59a28ef79f02bddc2cc3bab45edb/jackson-core-2.17.1.jar:/home/ubuntu/.gradle/caches/modules-2/files-2.1/com.fasterxml.jackson.core/jackson-databind/2.17.1/524dcbcccdde7d45a679dfc333e4763feb09079/jackson-databind-2.17.1.jar:/home/ubuntu/.gradle/caches/modules-2/files-2.1/com.google.protobuf/protobuf-java-util/3.21.2/c9eec82f0afa7c0021982d30cb65f126feb17997/protobuf-java-util-3.21.2.jar:/home/ubuntu/.gradle/caches/modules-2/files-2.1/com.google.code.gson/gson/2.13.1/853ce06c11316b33a8eae5e9095da096a9528b8f/gson-2.13.1.jar:/home/ubuntu/.gradle/caches/modules-2/files-2.1/org.jspecify/jspecify/1.0.0/7425a601c1c7ec76645a78d22b8c6a627edee507/jspecify-1.0.0.jar:/home/ubuntu/.gradle/caches/modules-2/files-2.1/commons-io/commons-io/2.20.0/36f3474daec2849c149e877614e7f979b2082cd2/commons-io-2.20.0.jar:/home/ubuntu/.gradle/caches/modules-2/files-2.1/org.eclipse.platform/org.eclipse.core.resources/3.20.0/79b324502a4f70f253b5662035a2663690ac4b3d/org.eclipse.core.resources-3.20.0.jar:/home/ubuntu/.gradle/caches/modules-2/files-2.1/org.eclipse.platform/org.eclipse.core.filesystem/1.10.200/7a491e51eae8f3dcd21704980c6d6415b38b88b8/org.eclipse.core.filesystem-1.10.200.jar:/home/ubuntu/.gradle/caches/modules-2/files-2.1/org.eclipse.platform/org.eclipse.text/3.13.100/e036916fd95fa3aa146c7056ceb6fe34171f3f05/org.eclipse.text-3.13.100.jar:/home/ubuntu/.gradle/caches/modules-2/files-2.1/org.eclipse.platform/org.eclipse.core.expressions/3.9.200/a8b3345c1848c363755e8ee83b1c86a97f56192b/org.eclipse.core.expressions-3.9.200.jar:/home/ubuntu/.gradle/caches/modules-2/files-2.1/org.eclipse.platform/org.eclipse.core.runtime/3.30.0/998199b2e8a225fe6ebfdc9ed93551444384212d/org.eclipse.core.runtime-3.30.0.jar:/home/ubuntu/.gradle/caches/modules-2/files-2.1/org.eclipse.platform/org.eclipse.core.jobs/3.15.100/d438e281b87f6baf2632e634dffdd5ce4944cb47/org.eclipse.core.jobs-3.15.100.jar:/home/ubuntu/.gradle/caches/modules-2/files-2.1/org.eclipse.platform/org.eclipse.core.contenttype/3.9.200/ad94a3d5cdb190b1f5b8e70fbf0ba2b53eda709b/org.eclipse.core.contenttype-3.9.200.jar:/home/ubuntu/.gradle/caches/modules-2/files-2.1/org.eclipse.platform/org.eclipse.equinox.app/1.6.400/8767a9073685844f0584d06592fa13b9bb9e89d9/org.eclipse.equinox.app-1.6.400.jar:/home/ubuntu/.gradle/caches/modules-2/files-2.1/org.eclipse.platform/org.eclipse.equinox.registry/3.11.400/3a3f66bc442d95eff95bfc9377eaec4604103307/org.eclipse.equinox.registry-3.11.400.jar:/home/ubuntu/.gradle/caches/modules-2/files-2.1/org.eclipse.platform/org.eclipse.equinox.preferences/3.10.400/5af57c8b8dc918ea89ee6fe7492798d7f7eb6a67/org.eclipse.equinox.preferences-3.10.400.jar:/home/ubuntu/.gradle/caches/modules-2/files-2.1/org.eclipse.platform/org.eclipse.core.commands/3.11.100/e61fe51e6bccd535d1f1e958349804e1fd443779/org.eclipse.core.commands-3.11.100.jar:/home/ubuntu/.gradle/caches/modules-2/files-2.1/org.eclipse.platform/org.eclipse.equinox.common/3.18.200/8b0862ac581d17b0ebea3df77dd653d45a9aa584/org.eclipse.equinox.common-3.18.200.jar:/home/ubuntu/.gradle/caches/modules-2/files-2.1/org.smali/dexlib2/2.5.2/8b664182af455b0757a7f59a42020fa5608c7d0e/dexlib2-2.5.2.jar:/home/ubuntu/.gradle/caches/modules-2/files-2.1/org.ow2.asm/asm-util/9.4/ab1e0a84b72561dbaf1ee260321e72148ebf4b19/asm-util-9.4.jar:/home/ubuntu/.gradle/caches/modules-2/files-2.1/org.ow2.asm/asm-commons/9.4/8fc2810ddbcbbec0a8bbccb3f8eda58321839912/asm-commons-9.4.jar:/home/ubuntu/.gradle/caches/modules-2/files-2.1/org.ow2.asm/asm-analysis/9.4/a5fec9dfc039448d4fd098fbaffcaf55373b223/asm-analysis-9.4.jar:/home/ubuntu/.gradle/caches/modules-2/files-2.1/org.ow2.asm/asm-tree/9.4/a99175a17d7fdc18cbcbd0e8ea6a5d276844190a/asm-tree-9.4.jar:/home/ubuntu/.gradle/caches/modules-2/files-2.1/org.ow2.asm/asm/9.4/b4e0e2d2e023aa317b7cfcfc916377ea348e07d1/asm-9.4.jar:/home/ubuntu/.gradle/caches/modules-2/files-2.1/xmlpull/xmlpull/1.1.3.4d_b4_min/6dcdbef481ff8fbac336a47048048b2b31855015/xmlpull-1.1.3.4d_b4_min.jar:/home/ubuntu/.gradle/caches/modules-2/files-2.1/de.upb.cs.swt/axml/2.1.3/f0dff8ec1179fb893cdd7f8c52b21e047f5f3ed6/axml-2.1.3.jar:/home/ubuntu/.gradle/caches/modules-2/files-2.1/ca.mcgill.sable/polyglot/2006/f0e528051faa260d83f53d58275954d973231ce7/polyglot-2006.jar:/home/ubuntu/.gradle/caches/modules-2/files-2.1/de.upb.cs.swt/heros/1.2.3/e90d207add1cad2157a68679b587f7770d309867/heros-1.2.3.jar:/home/ubuntu/.gradle/caches/modules-2/files-2.1/ca.mcgill.sable/jasmin/3.0.3/bc29f7032c7ee8314d339e54ca809e351f88883a/jasmin-3.0.3.jar:/home/ubuntu/.gradle/caches/modules-2/files-2.1/org.slf4j/slf4j-api/2.0.3/deef7fc81f00bd5e6205bb097be1040b4094f007/slf4j-api-2.0.3.jar:/home/ubuntu/.gradle/caches/modules-2/files-2.1/org.glassfish.jaxb/jaxb-runtime/2.4.0-b180830.0438/2a0705ce8aa988b691c70e8bdcc1613050a148a2/jaxb-runtime-2.4.0-b180830.0438.jar:/home/ubuntu/.gradle/caches/modules-2/files-2.1/javax.xml.bind/jaxb-api/2.4.0-b180830.0359/b54184b7dcab2031add3f525550c7f1b7e12209d/jaxb-api-2.4.0-b180830.0359.jar:/home/ubuntu/.gradle/caches/modules-2/files-2.1/com.google.protobuf/protobuf-java/3.21.7/96cfc7147192f1de72c3d7d06972155ffb7d180c/protobuf-java-3.21.7.jar:/home/ubuntu/.gradle/caches/modules-2/files-2.1/net.bytebuddy/byte-buddy/1.14.11/725602eb7c8c56b51b9c21f273f9df5c909d9e7d/byte-buddy-1.14.11.jar:/home/ubuntu/.gradle/caches/modules-2/files-2.1/org.apiguardian/apiguardian-api/1.1.2/a231e0d844d2721b0fa1b238006d15c6ded6842a/apiguardian-api-1.1.2.jar:/home/ubuntu/.gradle/caches/modules-2/files-2.1/com.google.guava/guava/31.1-android/9222c47cc3ae890f07f7c961bbb3cb69050fe4aa/guava-31.1-android.jar:/home/ubuntu/.gradle/caches/modules-2/files-2.1/com.google.errorprone/error_prone_annotations/2.38.0/fc0ae991433e8590ba51cd558421478318a74c8c/error_prone_annotations-2.38.0.jar:/home/ubuntu/.gradle/caches/modules-2/files-2.1/org.eclipse.platform/org.eclipse.osgi/3.18.600/70d593e3514fee58ab0bf71c61a0cd60d2706d8d/org.eclipse.osgi-3.18.600.jar:/home/ubuntu/.gradle/caches/modules-2/files-2.1/com.google.code.findbugs/jsr305/3.0.2/25ea2e8b0c338a877313bd4672d3fe056ea78f0d/jsr305-3.0.2.jar:/home/ubuntu/.gradle/caches/modules-2/files-2.1/org.functionaljava/functionaljava/4.2/f26bdd90a8d6b6faeb38ab2ba4c39580c1eb989f/functionaljava-4.2.jar:/home/ubuntu/.gradle/caches/modules-2/files-2.1/ca.mcgill.sable/java_cup/0.9.2/f36b758580fb9d472bfd5965aa9ac807fa66d242/java_cup-0.9.2.jar:/home/ubuntu/.gradle/caches/modules-2/files-2.1/javax.activation/javax.activation-api/1.2.0/85262acf3ca9816f9537ca47d5adeabaead7cb16/javax.activation-api-1.2.0.jar:/home/ubuntu/.gradle/caches/modules-2/files-2.1/org.glassfish.jaxb/txw2/2.4.0-b180830.0438/31bae7fb5924472b3243b265b47cb741da715419/txw2-2.4.0-b180830.0438.jar:/home/ubuntu/.gradle/caches/modules-2/files-2.1/com.sun.istack/istack-commons-runtime/3.0.7/c197c86ceec7318b1284bffb49b54226ca774003/istack-commons-runtime-3.0.7.jar:/home/ubuntu/.gradle/caches/modules-2/files-2.1/org.jvnet.staxex/stax-ex/1.8/8cc35f73da321c29973191f2cf143d29d26a1df7/stax-ex-1.8.jar:/home/ubuntu/.gradle/caches/modules-2/files-2.1/com.sun.xml.fastinfoset/FastInfoset/1.2.15/bb7b7ec0379982b97c62cd17465cb6d9155f68e8/FastInfoset-1.2.15.jar:/home/ubuntu/.gradle/caches/modules-2/files-2.1/com.google.j2objc/j2objc-annotations/1.3/ba035118bc8bac37d7eff77700720999acd9986d/j2objc-annotations-1.3.jar:/home/ubuntu/.gradle/caches/modules-2/files-2.1/org.opentest4j/opentest4j/1.3.0/152ea56b3a72f655d4fd677fc0ef2596c3dd5e6e/opentest4j-1.3.0.jar:/home/ubuntu/.gradle/caches/modules-2/files-2.1/com.google.guava/failureaccess/1.0.1/1dcf1de382a0bf95a3d8b0849546c88bac1292c9/failureaccess-1.0.1.jar:/home/ubuntu/.gradle/caches/modules-2/files-2.1/com.google.guava/listenablefuture/9999.0-empty-to-avoid-conflict-with-guava/b421526c5f297295adef1c886e5246c39d4ac629/listenablefuture-9999.0-empty-to-avoid-conflict-with-guava.jar:/home/ubuntu/.gradle/caches/modules-2/files-2.1/org.checkerframework/checker-qual/3.12.0/d5692f0526415fcc6de94bb5bfbd3afd9dd3b3e5/checker-qual-3.12.0.jar:/home/ubuntu/.gradle/caches/modules-2/files-2.1/org.osgi/org.osgi.service.prefs/1.1.2/44351fdfb119ee920394c1a27c938288c93c03c8/org.osgi.service.prefs-1.1.2.jar:/home/ubuntu/.gradle/caches/modules-2/files-2.1/org.osgi/osgi.annotation/8.0.1/593d823753aa6e128129da357d7891758e66aa1d/osgi.annotation-8.0.1.jar:/home/ubuntu/.gradle/wrapper/dists/gradle-8.7-bin/bhs2wmbdwecv87pi65oeuq5iu/gradle-8.7/lib/plugins/junit-platform-engine-1.8.2.jar:/home/ubuntu/.gradle/wrapper/dists/gradle-8.7-bin/bhs2wmbdwecv87pi65oeuq5iu/gradle-8.7/lib/plugins/junit-platform-launcher-1.8.2.jar:/home/ubuntu/.gradle/wrapper/dists/gradle-8.7-bin/bhs2wmbdwecv87pi65oeuq5iu/gradle-8.7/lib/plugins/junit-platform-commons-1.8.2.jar:/home/ubuntu/GenDATA/build/classes/java/main cfwr.CheckerFrameworkSlicer /tmp/junit11837287819080442549/warnings14480211790627835874.txt /home/ubuntu/CFWR/slices_specimin /tmp/junit11837287819080442549/testProjectRoot
</pre>
</span>
</div>
<div id="tab2" class="tab">
<h2>Standard error</h2>
<span class="code">
<pre>java.nio.file.NoSuchFileException: /tmp/junit5464832821369351453/nonexistent.txt
	at java.base/sun.nio.fs.UnixException.translateToIOException(UnixException.java:92)
	at java.base/sun.nio.fs.UnixException.rethrowAsIOException(UnixException.java:106)
	at java.base/sun.nio.fs.UnixException.rethrowAsIOException(UnixException.java:111)
	at java.base/sun.nio.fs.UnixFileSystemProvider.newByteChannel(UnixFileSystemProvider.java:261)
	at java.base/java.nio.file.Files.newByteChannel(Files.java:380)
	at java.base/java.nio.file.Files.newByteChannel(Files.java:432)
	at java.base/java.nio.file.spi.FileSystemProvider.newInputStream(FileSystemProvider.java:420)
	at java.base/java.nio.file.Files.newInputStream(Files.java:160)
	at java.base/java.nio.file.Files.newBufferedReader(Files.java:2910)
	at java.base/java.nio.file.Files.newBufferedReader(Files.java:2943)
	at cfwr.CheckerFrameworkWarningResolver.main(CheckerFrameworkWarningResolver.java:83)
	at cfwr.CheckerFrameworkWarningResolverTest.lambda$testMainMethodWithNonExistentFiles$2(CheckerFrameworkWarningResolverTest.java:74)
	at org.junit.jupiter.api.AssertDoesNotThrow.assertDoesNotThrow(AssertDoesNotThrow.java:49)
	at org.junit.jupiter.api.AssertDoesNotThrow.assertDoesNotThrow(AssertDoesNotThrow.java:40)
	at org.junit.jupiter.api.Assertions.assertDoesNotThrow(Assertions.java:3187)
	at cfwr.CheckerFrameworkWarningResolverTest.testMainMethodWithNonExistentFiles(CheckerFrameworkWarningResolverTest.java:64)
	at java.base/jdk.internal.reflect.DirectMethodHandleAccessor.invoke(DirectMethodHandleAccessor.java:103)
	at java.base/java.lang.reflect.Method.invoke(Method.java:580)
	at org.junit.platform.commons.util.ReflectionUtils.invokeMethod(ReflectionUtils.java:728)
	at org.junit.jupiter.engine.execution.MethodInvocation.proceed(MethodInvocation.java:60)
	at org.junit.jupiter.engine.execution.InvocationInterceptorChain$ValidatingInvocation.proceed(InvocationInterceptorChain.java:131)
	at org.junit.jupiter.engine.extension.TimeoutExtension.intercept(TimeoutExtension.java:156)
	at org.junit.jupiter.engine.extension.TimeoutExtension.interceptTestableMethod(TimeoutExtension.java:147)
	at org.junit.jupiter.engine.extension.TimeoutExtension.interceptTestMethod(TimeoutExtension.java:86)
	at org.junit.jupiter.engine.execution.InterceptingExecutableInvoker$ReflectiveInterceptorCall.lambda$ofVoidMethod$0(InterceptingExecutableInvoker.java:103)
	at org.junit.jupiter.engine.execution.InterceptingExecutableInvoker.lambda$invoke$0(InterceptingExecutableInvoker.java:93)
	at org.junit.jupiter.engine.execution.InvocationInterceptorChain$InterceptedInvocation.proceed(InvocationInterceptorChain.java:106)
	at org.junit.jupiter.engine.execution.InvocationInterceptorChain.proceed(InvocationInterceptorChain.java:64)
	at org.junit.jupiter.engine.execution.InvocationInterceptorChain.chainAndInvoke(InvocationInterceptorChain.java:45)
	at org.junit.jupiter.engine.execution.InvocationInterceptorChain.invoke(InvocationInterceptorChain.java:37)
	at org.junit.jupiter.engine.execution.InterceptingExecutableInvoker.invoke(InterceptingExecutableInvoker.java:92)
	at org.junit.jupiter.engine.execution.InterceptingExecutableInvoker.invoke(InterceptingExecutableInvoker.java:86)
	at org.junit.jupiter.engine.descriptor.TestMethodTestDescriptor.lambda$invokeTestMethod$7(TestMethodTestDescriptor.java:218)
	at org.junit.platform.engine.support.hierarchical.ThrowableCollector.execute(ThrowableCollector.java:73)
	at org.junit.jupiter.engine.descriptor.TestMethodTestDescriptor.invokeTestMethod(TestMethodTestDescriptor.java:214)
	at org.junit.jupiter.engine.descriptor.TestMethodTestDescriptor.execute(TestMethodTestDescriptor.java:139)
	at org.junit.jupiter.engine.descriptor.TestMethodTestDescriptor.execute(TestMethodTestDescriptor.java:69)
	at org.junit.platform.engine.support.hierarchical.NodeTestTask.lambda$executeRecursively$6(NodeTestTask.java:151)
	at org.junit.platform.engine.support.hierarchical.ThrowableCollector.execute(ThrowableCollector.java:73)
	at org.junit.platform.engine.support.hierarchical.NodeTestTask.lambda$executeRecursively$8(NodeTestTask.java:141)
	at org.junit.platform.engine.support.hierarchical.Node.around(Node.java:137)
	at org.junit.platform.engine.support.hierarchical.NodeTestTask.lambda$executeRecursively$9(NodeTestTask.java:139)
	at org.junit.platform.engine.support.hierarchical.ThrowableCollector.execute(ThrowableCollector.java:73)
	at org.junit.platform.engine.support.hierarchical.NodeTestTask.executeRecursively(NodeTestTask.java:138)
	at org.junit.platform.engine.support.hierarchical.NodeTestTask.execute(NodeTestTask.java:95)
	at java.base/java.util.ArrayList.forEach(ArrayList.java:1596)
	at org.junit.platform.engine.support.hierarchical.SameThreadHierarchicalTestExecutorService.invokeAll(SameThreadHierarchicalTestExecutorService.java:41)
	at org.junit.platform.engine.support.hierarchical.NodeTestTask.lambda$executeRecursively$6(NodeTestTask.java:155)
	at org.junit.platform.engine.support.hierarchical.ThrowableCollector.execute(ThrowableCollector.java:73)
	at org.junit.platform.engine.support.hierarchical.NodeTestTask.lambda$executeRecursively$8(NodeTestTask.java:141)
	at org.junit.platform.engine.support.hierarchical.Node.around(Node.java:137)
	at org.junit.platform.engine.support.hierarchical.NodeTestTask.lambda$executeRecursively$9(NodeTestTask.java:139)
	at org.junit.platform.engine.support.hierarchical.ThrowableCollector.execute(ThrowableCollector.java:73)
	at org.junit.platform.engine.support.hierarchical.NodeTestTask.executeRecursively(NodeTestTask.java:138)
	at org.junit.platform.engine.support.hierarchical.NodeTestTask.execute(NodeTestTask.java:95)
	at java.base/java.util.ArrayList.forEach(ArrayList.java:1596)
	at org.junit.platform.engine.support.hierarchical.SameThreadHierarchicalTestExecutorService.invokeAll(SameThreadHierarchicalTestExecutorService.java:41)
	at org.junit.platform.engine.support.hierarchical.NodeTestTask.lambda$executeRecursively$6(NodeTestTask.java:155)
	at org.junit.platform.engine.support.hierarchical.ThrowableCollector.execute(ThrowableCollector.java:73)
	at org.junit.platform.engine.support.hierarchical.NodeTestTask.lambda$executeRecursively$8(NodeTestTask.java:141)
	at org.junit.platform.engine.support.hierarchical.Node.around(Node.java:137)
	at org.junit.platform.engine.support.hierarchical.NodeTestTask.lambda$executeRecursively$9(NodeTestTask.java:139)
	at org.junit.platform.engine.support.hierarchical.ThrowableCollector.execute(ThrowableCollector.java:73)
	at org.junit.platform.engine.support.hierarchical.NodeTestTask.executeRecursively(NodeTestTask.java:138)
	at org.junit.platform.engine.support.hierarchical.NodeTestTask.execute(NodeTestTask.java:95)
	at org.junit.platform.engine.support.hierarchical.SameThreadHierarchicalTestExecutorService.submit(SameThreadHierarchicalTestExecutorService.java:35)
	at org.junit.platform.engine.support.hierarchical.HierarchicalTestExecutor.execute(HierarchicalTestExecutor.java:57)
	at org.junit.platform.engine.support.hierarchical.HierarchicalTestEngine.execute(HierarchicalTestEngine.java:54)
	at org.junit.platform.launcher.core.EngineExecutionOrchestrator.execute(EngineExecutionOrchestrator.java:107)
	at org.junit.platform.launcher.core.EngineExecutionOrchestrator.execute(EngineExecutionOrchestrator.java:88)
	at org.junit.platform.launcher.core.EngineExecutionOrchestrator.lambda$execute$0(EngineExecutionOrchestrator.java:54)
	at org.junit.platform.launcher.core.EngineExecutionOrchestrator.withInterceptedStreams(EngineExecutionOrchestrator.java:67)
	at org.junit.platform.launcher.core.EngineExecutionOrchestrator.execute(EngineExecutionOrchestrator.java:52)
	at org.junit.platform.launcher.core.DefaultLauncher.execute(DefaultLauncher.java:114)
	at org.junit.platform.launcher.core.DefaultLauncher.execute(DefaultLauncher.java:86)
	at org.junit.platform.launcher.core.DefaultLauncherSession$DelegatingLauncher.execute(DefaultLauncherSession.java:86)
	at org.gradle.api.internal.tasks.testing.junitplatform.JUnitPlatformTestClassProcessor$CollectAllTestClassesExecutor.processAllTestClasses(JUnitPlatformTestClassProcessor.java:119)
	at org.gradle.api.internal.tasks.testing.junitplatform.JUnitPlatformTestClassProcessor$CollectAllTestClassesExecutor.access$000(JUnitPlatformTestClassProcessor.java:94)
	at org.gradle.api.internal.tasks.testing.junitplatform.JUnitPlatformTestClassProcessor.stop(JUnitPlatformTestClassProcessor.java:89)
	at org.gradle.api.internal.tasks.testing.SuiteTestClassProcessor.stop(SuiteTestClassProcessor.java:62)
	at java.base/jdk.internal.reflect.DirectMethodHandleAccessor.invoke(DirectMethodHandleAccessor.java:103)
	at java.base/java.lang.reflect.Method.invoke(Method.java:580)
	at org.gradle.internal.dispatch.ReflectionDispatch.dispatch(ReflectionDispatch.java:36)
	at org.gradle.internal.dispatch.ReflectionDispatch.dispatch(ReflectionDispatch.java:24)
	at org.gradle.internal.dispatch.ContextClassLoaderDispatch.dispatch(ContextClassLoaderDispatch.java:33)
	at org.gradle.internal.dispatch.ProxyDispatchAdapter$DispatchingInvocationHandler.invoke(ProxyDispatchAdapter.java:94)
	at jdk.proxy1/jdk.proxy1.$Proxy2.stop(Unknown Source)
	at org.gradle.api.internal.tasks.testing.worker.TestWorker$3.run(TestWorker.java:193)
	at org.gradle.api.internal.tasks.testing.worker.TestWorker.executeAndMaintainThreadName(TestWorker.java:129)
	at org.gradle.api.internal.tasks.testing.worker.TestWorker.execute(TestWorker.java:100)
	at org.gradle.api.internal.tasks.testing.worker.TestWorker.execute(TestWorker.java:60)
	at org.gradle.process.internal.worker.child.ActionExecutionWorker.execute(ActionExecutionWorker.java:56)
	at org.gradle.process.internal.worker.child.SystemApplicationClassLoaderWorker.call(SystemApplicationClassLoaderWorker.java:113)
	at org.gradle.process.internal.worker.child.SystemApplicationClassLoaderWorker.call(SystemApplicationClassLoaderWorker.java:65)
	at worker.org.gradle.process.internal.worker.GradleWorkerMain.run(GradleWorkerMain.java:69)
	at worker.org.gradle.process.internal.worker.GradleWorkerMain.main(GradleWorkerMain.java:74)
Usage: java CheckerFrameworkWarningResolver &lt;projectRoot&gt; &lt;warningsFilePath&gt; &lt;resolverRoot&gt; [slicerType]
  slicerType: 'wala' (default) or 'specimin'
Warning line does not match expected format: This is not a properly formatted warning line
Error reading file: /tmp/junit13256382253777248499/project/TestClass.java
java.nio.file.NoSuchFileException: /tmp/junit13256382253777248499/project/TestClass.java
	at java.base/sun.nio.fs.UnixException.translateToIOException(UnixException.java:92)
	at java.base/sun.nio.fs.UnixException.rethrowAsIOException(UnixException.java:106)
	at java.base/sun.nio.fs.UnixException.rethrowAsIOException(UnixException.java:111)
	at java.base/sun.nio.fs.UnixFileSystemProvider.newByteChannel(UnixFileSystemProvider.java:261)
	at java.base/java.nio.file.Files.newByteChannel(Files.java:380)
	at java.base/java.nio.file.Files.newByteChannel(Files.java:432)
	at java.base/java.nio.file.spi.FileSystemProvider.newInputStream(FileSystemProvider.java:420)
	at java.base/java.nio.file.Files.newInputStream(Files.java:160)
	at com.github.javaparser.Providers.provider(Providers.java:70)
	at com.github.javaparser.JavaParser.parse(JavaParser.java:307)
	at cfwr.CheckerFrameworkWarningResolver.main(CheckerFrameworkWarningResolver.java:115)
	at cfwr.CheckerFrameworkWarningResolverTest.lambda$testWarningParsingWithValidFormat$3(CheckerFrameworkWarningResolverTest.java:102)
	at org.junit.jupiter.api.AssertDoesNotThrow.assertDoesNotThrow(AssertDoesNotThrow.java:49)
	at org.junit.jupiter.api.AssertDoesNotThrow.assertDoesNotThrow(AssertDoesNotThrow.java:40)
	at org.junit.jupiter.api.Assertions.assertDoesNotThrow(Assertions.java:3187)
	at cfwr.CheckerFrameworkWarningResolverTest.testWarningParsingWithValidFormat(CheckerFrameworkWarningResolverTest.java:95)
	at java.base/jdk.internal.reflect.DirectMethodHandleAccessor.invoke(DirectMethodHandleAccessor.java:103)
	at java.base/java.lang.reflect.Method.invoke(Method.java:580)
	at org.junit.platform.commons.util.ReflectionUtils.invokeMethod(ReflectionUtils.java:728)
	at org.junit.jupiter.engine.execution.MethodInvocation.proceed(MethodInvocation.java:60)
	at org.junit.jupiter.engine.execution.InvocationInterceptorChain$ValidatingInvocation.proceed(InvocationInterceptorChain.java:131)
	at org.junit.jupiter.engine.extension.TimeoutExtension.intercept(TimeoutExtension.java:156)
	at org.junit.jupiter.engine.extension.TimeoutExtension.interceptTestableMethod(TimeoutExtension.java:147)
	at org.junit.jupiter.engine.extension.TimeoutExtension.interceptTestMethod(TimeoutExtension.java:86)
	at org.junit.jupiter.engine.execution.InterceptingExecutableInvoker$ReflectiveInterceptorCall.lambda$ofVoidMethod$0(InterceptingExecutableInvoker.java:103)
	at org.junit.jupiter.engine.execution.InterceptingExecutableInvoker.lambda$invoke$0(InterceptingExecutableInvoker.java:93)
	at org.junit.jupiter.engine.execution.InvocationInterceptorChain$InterceptedInvocation.proceed(InvocationInterceptorChain.java:106)
	at org.junit.jupiter.engine.execution.InvocationInterceptorChain.proceed(InvocationInterceptorChain.java:64)
	at org.junit.jupiter.engine.execution.InvocationInterceptorChain.chainAndInvoke(InvocationInterceptorChain.java:45)
	at org.junit.jupiter.engine.execution.InvocationInterceptorChain.invoke(InvocationInterceptorChain.java:37)
	at org.junit.jupiter.engine.execution.InterceptingExecutableInvoker.invoke(InterceptingExecutableInvoker.java:92)
	at org.junit.jupiter.engine.execution.InterceptingExecutableInvoker.invoke(InterceptingExecutableInvoker.java:86)
	at org.junit.jupiter.engine.descriptor.TestMethodTestDescriptor.lambda$invokeTestMethod$7(TestMethodTestDescriptor.java:218)
	at org.junit.platform.engine.support.hierarchical.ThrowableCollector.execute(ThrowableCollector.java:73)
	at org.junit.jupiter.engine.descriptor.TestMethodTestDescriptor.invokeTestMethod(TestMethodTestDescriptor.java:214)
	at org.junit.jupiter.engine.descriptor.TestMethodTestDescriptor.execute(TestMethodTestDescriptor.java:139)
	at org.junit.jupiter.engine.descriptor.TestMethodTestDescriptor.execute(TestMethodTestDescriptor.java:69)
	at org.junit.platform.engine.support.hierarchical.NodeTestTask.lambda$executeRecursively$6(NodeTestTask.java:151)
	at org.junit.platform.engine.support.hierarchical.ThrowableCollector.execute(ThrowableCollector.java:73)
	at org.junit.platform.engine.support.hierarchical.NodeTestTask.lambda$executeRecursively$8(NodeTestTask.java:141)
	at org.junit.platform.engine.support.hierarchical.Node.around(Node.java:137)
	at org.junit.platform.engine.support.hierarchical.NodeTestTask.lambda$executeRecursively$9(NodeTestTask.java:139)
	at org.junit.platform.engine.support.hierarchical.ThrowableCollector.execute(ThrowableCollector.java:73)
	at org.junit.platform.engine.support.hierarchical.NodeTestTask.executeRecursively(NodeTestTask.java:138)
	at org.junit.platform.engine.support.hierarchical.NodeTestTask.execute(NodeTestTask.java:95)
	at java.base/java.util.ArrayList.forEach(ArrayList.java:1596)
	at org.junit.platform.engine.support.hierarchical.SameThreadHierarchicalTestExecutorService.invokeAll(SameThreadHierarchicalTestExecutorService.java:41)
	at org.junit.platform.engine.support.hierarchical.NodeTestTask.lambda$executeRecursively$6(NodeTestTask.java:155)
	at org.junit.platform.engine.support.hierarchical.ThrowableCollector.execute(ThrowableCollector.java:73)
	at org.junit.platform.engine.support.hierarchical.NodeTestTask.lambda$executeRecursively$8(NodeTestTask.java:141)
	at org.junit.platform.engine.support.hierarchical.Node.around(Node.java:137)
	at org.junit.platform.engine.support.hierarchical.NodeTestTask.lambda$executeRecursively$9(NodeTestTask.java:139)
	at org.junit.platform.engine.support.hierarchical.ThrowableCollector.execute(ThrowableCollector.java:73)
	at org.junit.platform.engine.support.hierarchical.NodeTestTask.executeRecursively(NodeTestTask.java:138)
	at org.junit.platform.engine.support.hierarchical.NodeTestTask.execute(NodeTestTask.java:95)
	at java.base/java.util.ArrayList.forEach(ArrayList.java:1596)
	at org.junit.platform.engine.support.hierarchical.SameThreadHierarchicalTestExecutorService.invokeAll(SameThreadHierarchicalTestExecutorService.java:41)
	at org.junit.platform.engine.support.hierarchical.NodeTestTask.lambda$executeRecursively$6(NodeTestTask.java:155)
	at org.junit.platform.engine.support.hierarchical.ThrowableCollector.execute(ThrowableCollector.java:73)
	at org.junit.platform.engine.support.hierarchical.NodeTestTask.lambda$executeRecursively$8(NodeTestTask.java:141)
	at org.junit.platform.engine.support.hierarchical.Node.around(Node.java:137)
	at org.junit.platform.engine.support.hierarchical.NodeTestTask.lambda$executeRecursively$9(NodeTestTask.java:139)
	at org.junit.platform.engine.support.hierarchical.ThrowableCollector.execute(ThrowableCollector.java:73)
	at org.junit.platform.engine.support.hierarchical.NodeTestTask.executeRecursively(NodeTestTask.java:138)
	at org.junit.platform.engine.support.hierarchical.NodeTestTask.execute(NodeTestTask.java:95)
	at org.junit.platform.engine.support.hierarchical.SameThreadHierarchicalTestExecutorService.submit(SameThreadHierarchicalTestExecutorService.java:35)
	at org.junit.platform.engine.support.hierarchical.HierarchicalTestExecutor.execute(HierarchicalTestExecutor.java:57)
	at org.junit.platform.engine.support.hierarchical.HierarchicalTestEngine.execute(HierarchicalTestEngine.java:54)
	at org.junit.platform.launcher.core.EngineExecutionOrchestrator.execute(EngineExecutionOrchestrator.java:107)
	at org.junit.platform.launcher.core.EngineExecutionOrchestrator.execute(EngineExecutionOrchestrator.java:88)
	at org.junit.platform.launcher.core.EngineExecutionOrchestrator.lambda$execute$0(EngineExecutionOrchestrator.java:54)
	at org.junit.platform.launcher.core.EngineExecutionOrchestrator.withInterceptedStreams(EngineExecutionOrchestrator.java:67)
	at org.junit.platform.launcher.core.EngineExecutionOrchestrator.execute(EngineExecutionOrchestrator.java:52)
	at org.junit.platform.launcher.core.DefaultLauncher.execute(DefaultLauncher.java:114)
	at org.junit.platform.launcher.core.DefaultLauncher.execute(DefaultLauncher.java:86)
	at org.junit.platform.launcher.core.DefaultLauncherSession$DelegatingLauncher.execute(DefaultLauncherSession.java:86)
	at org.gradle.api.internal.tasks.testing.junitplatform.JUnitPlatformTestClassProcessor$CollectAllTestClassesExecutor.processAllTestClasses(JUnitPlatformTestClassProcessor.java:119)
	at org.gradle.api.internal.tasks.testing.junitplatform.JUnitPlatformTestClassProcessor$CollectAllTestClassesExecutor.access$000(JUnitPlatformTestClassProcessor.java:94)
	at org.gradle.api.internal.tasks.testing.junitplatform.JUnitPlatformTestClassProcessor.stop(JUnitPlatformTestClassProcessor.java:89)
	at org.gradle.api.internal.tasks.testing.SuiteTestClassProcessor.stop(SuiteTestClassProcessor.java:62)
	at java.base/jdk.internal.reflect.DirectMethodHandleAccessor.invoke(DirectMethodHandleAccessor.java:103)
	at java.base/java.lang.reflect.Method.invoke(Method.java:580)
	at org.gradle.internal.dispatch.ReflectionDispatch.dispatch(ReflectionDispatch.java:36)
	at org.gradle.internal.dispatch.ReflectionDispatch.dispatch(ReflectionDispatch.java:24)
	at org.gradle.internal.dispatch.ContextClassLoaderDispatch.dispatch(ContextClassLoaderDispatch.java:33)
	at org.gradle.internal.dispatch.ProxyDispatchAdapter$DispatchingInvocationHandler.invoke(ProxyDispatchAdapter.java:94)
	at jdk.proxy1/jdk.proxy1.$Proxy2.stop(Unknown Source)
	at org.gradle.api.internal.tasks.testing.worker.TestWorker$3.run(TestWorker.java:193)
	at org.gradle.api.internal.tasks.testing.worker.TestWorker.executeAndMaintainThreadName(TestWorker.java:129)
	at org.gradle.api.internal.tasks.testing.worker.TestWorker.execute(TestWorker.java:100)
	at org.gradle.api.internal.tasks.testing.worker.TestWorker.execute(TestWorker.java:60)
	at org.gradle.process.internal.worker.child.ActionExecutionWorker.execute(ActionExecutionWorker.java:56)
	at org.gradle.process.internal.worker.child.SystemApplicationClassLoaderWorker.call(SystemApplicationClassLoaderWorker.java:113)
	at org.gradle.process.internal.worker.child.SystemApplicationClassLoaderWorker.call(SystemApplicationClassLoaderWorker.java:65)
	at worker.org.gradle.process.internal.worker.GradleWorkerMain.run(GradleWorkerMain.java:69)
	at worker.org.gradle.process.internal.worker.GradleWorkerMain.main(GradleWorkerMain.java:74)
No compilation unit found for file: /tmp/junit13256382253777248499/project/TestClass.java
</pre>
</span>
</div>
</div>
<div id="footer">
<p>
<div>
<label class="hidden" id="label-for-line-wrapping-toggle" for="line-wrapping-toggle">Wrap lines
<input id="line-wrapping-toggle" type="checkbox" autocomplete="off"/>
</label>
</div>Generated by 
<a href="http://www.gradle.org">Gradle 8.7</a> at Sep 28, 2025, 11:54:11PM</p>
</div>
</div>
</body>
</html>
